<?xml version="1.0" encoding="UTF-8"?>
<!-- Generated by org.testng.reporters.JUnitReportReporter -->
<testsuite hostname="Muthu-Kalpu" failures="0" tests="1" name="cucumber.Runner.TestRunner" time="6.072" errors="0" timestamp="2023-07-25T23:28:22 BST" skipped="0">
  <testcase classname="cucumber.Runner.TestRunner" name="runScenario" time="6.072"/>
  <system-out/>
</testsuite> <!-- cucumber.Runner.TestRunner -->
